Copyright 1986-2014 Xilinx, Inc. All Rights Reserved.
------------------------------------------------------------------------------------
| Tool Version : Vivado v.2014.4 (win64) Build 1071353 Tue Nov 18 18:29:27 MST 2014
| Date         : Thu Apr 19 02:14:51 2018
| Host         : DESKTOP-9DIE9P2 running 64-bit major release  (build 9200)
| Command      : report_clock_utilization -file main_clock_utilization_placed.rpt
| Design       : main
| Device       : xc7a35ti
------------------------------------------------------------------------------------

Clock Utilization Report

Table of Contents
-----------------
1. Clock Primitive Utilization
2. Details of Global Clocks
3. Details of Regional Clocks
4. Details of Multi-Regional Clocks
5. Details of I/O Clocks
6. Details of Local Clocks
7. Clock Regions : Key Resource Utilization
8. Net wise resources used in clock region X0Y0
9. Net wise resources used in clock region X1Y0
10. Net wise resources used in clock region X0Y1
11. Net wise resources used in clock region X1Y1
12. Net wise resources used in clock region X0Y2
13. Net wise resources used in clock region X1Y2

1. Clock Primitive Utilization
------------------------------

+-------+------+-----------+-----------+
| Type  | Used | Available | Num Fixed |
+-------+------+-----------+-----------+
| BUFG  |    2 |        32 |         0 |
| BUFH  |    0 |        72 |         0 |
| BUFIO |    0 |        20 |         0 |
| MMCM  |    0 |         5 |         0 |
| PLL   |    0 |         5 |         0 |
| BUFR  |    0 |        20 |         0 |
| BUFMR |    0 |        10 |         0 |
+-------+------+-----------+-----------+


2. Details of Global Clocks
---------------------------

+-------+--------------------+---------------+---------------+-------+---------------+-----------+
|       |                    |               |   Num Loads   |       |               |           |
+-------+--------------------+---------------+-------+-------+-------+---------------+-----------+
| Index | BUFG Cell          | Net Name      |  BELs | Sites | Fixed | MaxDelay (ns) | Skew (ns) |
+-------+--------------------+---------------+-------+-------+-------+---------------+-----------+
|     1 | flag_BUFG_inst     | flag_BUFG     |  2323 |   615 |    no |         1.920 |     0.373 |
|     2 | clk_IBUF_BUFG_inst | clk_IBUF_BUFG | 13603 |  6596 |    no |         1.964 |     0.418 |
+-------+--------------------+---------------+-------+-------+-------+---------------+-----------+


3. Details of Regional Clocks
-----------------------------

4. Details of Multi-Regional Clocks
-----------------------------------

5. Details of I/O Clocks
------------------------

6. Details of Local Clocks
--------------------------

7. Clock Regions : Key Resource Utilization
-------------------------------------------

+-------------------+--------------+--------------+--------------+--------------+--------------+--------------+--------------+--------------+--------------+--------------+--------------+--------------+--------------+--------------+--------------+
|                   | Global Clock |     BUFRs    |    BUFMRs    |    BUFIOs    |     MMCM     |      PLL     |      GT      |      PCI     |    ILOGIC    |    OLOGIC    |      FF      |     LUTM     |    RAMB18    |    RAMB36    |    DSP48E1   |
+-------------------+------+-------+------+-------+------+-------+------+-------+------+-------+------+-------+------+-------+------+-------+------+-------+------+-------+------+-------+------+-------+------+-------+------+-------+------+-------+
| Clock Region Name | Used | Avail | Used | Avail | Used | Avail | Used | Avail | Used | Avail | Used | Avail | Used | Avail | Used | Avail | Used | Avail | Used | Avail | Used | Avail | Used | Avail | Used | Avail | Used | Avail | Used | Avail |
+-------------------+------+-------+------+-------+------+-------+------+-------+------+-------+------+-------+------+-------+------+-------+------+-------+------+-------+------+-------+------+-------+------+-------+------+-------+------+-------+
| X0Y0              |    2 |    12 |    0 |     4 |    0 |     2 |    0 |     4 |    0 |     1 |    0 |     1 |    0 |     0 |    0 |     0 |    0 |    50 |    0 |    50 | 2432 |  9600 |    0 |  1600 |    0 |    20 |    0 |    10 |    0 |    20 |
| X1Y0              |    2 |    12 |    0 |     4 |    0 |     2 |    0 |     4 |    0 |     1 |    0 |     1 |    0 |     0 |    0 |     0 |    0 |    50 |    0 |    50 | 1993 | 12000 |    0 |  1800 |    0 |    40 |    0 |    20 |    0 |    20 |
| X0Y1              |    2 |    12 |    0 |     4 |    0 |     2 |    0 |     4 |    0 |     1 |    0 |     1 |    0 |     0 |    0 |     0 |    0 |    50 |    0 |    50 | 2686 |  9600 |    0 |  1600 |    0 |    20 |    0 |    10 |    0 |    20 |
| X1Y1              |    2 |    12 |    0 |     4 |    0 |     2 |    0 |     4 |    0 |     1 |    0 |     1 |    0 |     0 |    0 |     0 |    0 |    50 |    0 |    50 | 3369 | 12000 |    0 |  1800 |    0 |    40 |    0 |    20 |    0 |    20 |
| X0Y2              |    2 |    12 |    0 |     4 |    0 |     2 |    0 |     4 |    0 |     1 |    0 |     1 |    0 |     0 |    0 |     0 |    0 |    50 |    0 |    50 | 3727 | 14400 |    0 |  1600 |    0 |    20 |    0 |    10 |    0 |    20 |
| X1Y2              |    2 |    12 |    0 |     0 |    0 |     0 |    0 |     0 |    0 |     0 |    0 |     0 |    0 |     5 |    0 |     1 |    0 |     0 |    0 |     0 | 1719 |  7600 |    0 |  1200 |    0 |    10 |    0 |     5 |    0 |    20 |
+-------------------+------+-------+------+-------+------+-------+------+-------+------+-------+------+-------+------+-------+------+-------+------+-------+------+-------+------+-------+------+-------+------+-------+------+-------+------+-------+
* RAMB36 site can be used as two RAMB18/FIFO18 sites


8. Net wise resources used in clock region X0Y0
-----------------------------------------------

+-------------+-------------+-------+-----------+----------+---------+-----------+---------+---------+------+-------+----------+----------------+
| Source Type | BUFHCE Site | Fixed | MMCM Pins | PLL Pins | GT Pins | BRAM Pins | ILOGICs | OLOGICs |  FFs | LUTMs | DSP48E1s | Clock Net Name |
+-------------+-------------+-------+-----------+----------+---------+-----------+---------+---------+------+-------+----------+----------------+
| BUFG        |     ---     |   no  |         0 |        0 |       0 |         0 |       0 |       0 |  372 |     0 |        0 | flag_BUFG      |
| BUFG        |     ---     |   no  |         0 |        0 |       0 |         0 |       0 |       0 | 2060 |     0 |        0 | clk_IBUF_BUFG  |
+-------------+-------------+-------+-----------+----------+---------+-----------+---------+---------+------+-------+----------+----------------+


9. Net wise resources used in clock region X1Y0
-----------------------------------------------

+-------------+-------------+-------+-----------+----------+---------+-----------+---------+---------+------+-------+----------+----------------+
| Source Type | BUFHCE Site | Fixed | MMCM Pins | PLL Pins | GT Pins | BRAM Pins | ILOGICs | OLOGICs |  FFs | LUTMs | DSP48E1s | Clock Net Name |
+-------------+-------------+-------+-----------+----------+---------+-----------+---------+---------+------+-------+----------+----------------+
| BUFG        |     ---     |   no  |         0 |        0 |       0 |         0 |       0 |       0 |  320 |     0 |        0 | flag_BUFG      |
| BUFG        |     ---     |   no  |         0 |        0 |       0 |         0 |       0 |       0 | 1673 |     0 |        0 | clk_IBUF_BUFG  |
+-------------+-------------+-------+-----------+----------+---------+-----------+---------+---------+------+-------+----------+----------------+


10. Net wise resources used in clock region X0Y1
------------------------------------------------

+-------------+-------------+-------+-----------+----------+---------+-----------+---------+---------+------+-------+----------+----------------+
| Source Type | BUFHCE Site | Fixed | MMCM Pins | PLL Pins | GT Pins | BRAM Pins | ILOGICs | OLOGICs |  FFs | LUTMs | DSP48E1s | Clock Net Name |
+-------------+-------------+-------+-----------+----------+---------+-----------+---------+---------+------+-------+----------+----------------+
| BUFG        |     ---     |   no  |         0 |        0 |       0 |         0 |       0 |       0 |  442 |     0 |        0 | flag_BUFG      |
| BUFG        |     ---     |   no  |         0 |        0 |       0 |         0 |       0 |       0 | 2244 |     0 |        0 | clk_IBUF_BUFG  |
+-------------+-------------+-------+-----------+----------+---------+-----------+---------+---------+------+-------+----------+----------------+


11. Net wise resources used in clock region X1Y1
------------------------------------------------

+-------------+-------------+-------+-----------+----------+---------+-----------+---------+---------+------+-------+----------+----------------+
| Source Type | BUFHCE Site | Fixed | MMCM Pins | PLL Pins | GT Pins | BRAM Pins | ILOGICs | OLOGICs |  FFs | LUTMs | DSP48E1s | Clock Net Name |
+-------------+-------------+-------+-----------+----------+---------+-----------+---------+---------+------+-------+----------+----------------+
| BUFG        |     ---     |   no  |         0 |        0 |       0 |         0 |       0 |       0 |  461 |     0 |        0 | flag_BUFG      |
| BUFG        |     ---     |   no  |         0 |        0 |       0 |         0 |       0 |       0 | 2908 |     0 |        0 | clk_IBUF_BUFG  |
+-------------+-------------+-------+-----------+----------+---------+-----------+---------+---------+------+-------+----------+----------------+


12. Net wise resources used in clock region X0Y2
------------------------------------------------

+-------------+-------------+-------+-----------+----------+---------+-----------+---------+---------+------+-------+----------+----------------+
| Source Type | BUFHCE Site | Fixed | MMCM Pins | PLL Pins | GT Pins | BRAM Pins | ILOGICs | OLOGICs |  FFs | LUTMs | DSP48E1s | Clock Net Name |
+-------------+-------------+-------+-----------+----------+---------+-----------+---------+---------+------+-------+----------+----------------+
| BUFG        |     ---     |   no  |         0 |        0 |       0 |         0 |       0 |       0 |  660 |     0 |        0 | flag_BUFG      |
| BUFG        |     ---     |   no  |         0 |        0 |       0 |         0 |       0 |       0 | 3067 |     0 |        0 | clk_IBUF_BUFG  |
+-------------+-------------+-------+-----------+----------+---------+-----------+---------+---------+------+-------+----------+----------------+


13. Net wise resources used in clock region X1Y2
------------------------------------------------

+-------------+-------------+-------+-----------+----------+---------+-----------+---------+---------+------+-------+----------+----------------+
| Source Type | BUFHCE Site | Fixed | MMCM Pins | PLL Pins | GT Pins | BRAM Pins | ILOGICs | OLOGICs |  FFs | LUTMs | DSP48E1s | Clock Net Name |
+-------------+-------------+-------+-----------+----------+---------+-----------+---------+---------+------+-------+----------+----------------+
| BUFG        |     ---     |   no  |         0 |        0 |       0 |         0 |       0 |       0 |   68 |     0 |        0 | flag_BUFG      |
| BUFG        |     ---     |   no  |         0 |        0 |       0 |         0 |       0 |       0 | 1651 |     0 |        0 | clk_IBUF_BUFG  |
+-------------+-------------+-------+-----------+----------+---------+-----------+---------+---------+------+-------+----------+----------------+



# Location of BUFG Primitives 
set_property LOC BUFGCTRL_X0Y0 [get_cells clk_IBUF_BUFG_inst]
set_property LOC BUFGCTRL_X0Y1 [get_cells flag_BUFG_inst]

# Location of IO Clock Primitives

# Location of MMCM Clock Primitives

# Location of BUFH Clock Primitives

# Location of BUFR Clock Primitives

# Location of BUFMR Clock Primitives

# Location of PLL Clock Primitives

# Location of IO Primitives which is load of clock spine

# Location of clock ports
set_property LOC IOB_X1Y26 [get_ports clk]

# Clock net "clk_IBUF_BUFG" driven by instance "clk_IBUF_BUFG_inst" located at site "BUFGCTRL_X0Y0"
#startgroup
create_pblock CLKAG_clk_IBUF_BUFG
add_cells_to_pblock [get_pblocks  CLKAG_clk_IBUF_BUFG] [get_cells  -filter { IS_PRIMITIVE==1 && PRIMITIVE_LEVEL !=INTERNAL } -of_object [get_pins -filter {DIRECTION==IN} -of_objects [get_nets -hierarchical -filter {PARENT=="clk_IBUF_BUFG"}]]]
resize_pblock [get_pblocks CLKAG_clk_IBUF_BUFG] -add {CLOCKREGION_X0Y0:CLOCKREGION_X0Y0 CLOCKREGION_X0Y1:CLOCKREGION_X0Y1 CLOCKREGION_X0Y2:CLOCKREGION_X0Y2 CLOCKREGION_X1Y0:CLOCKREGION_X1Y0 CLOCKREGION_X1Y1:CLOCKREGION_X1Y1 CLOCKREGION_X1Y2:CLOCKREGION_X1Y2}
#endgroup

# Clock net "flag_BUFG" driven by instance "flag_BUFG_inst" located at site "BUFGCTRL_X0Y1"
#startgroup
create_pblock CLKAG_flag_BUFG
add_cells_to_pblock [get_pblocks  CLKAG_flag_BUFG] [get_cells  -filter { IS_PRIMITIVE==1 && PRIMITIVE_LEVEL !=INTERNAL } -of_object [get_pins -filter {DIRECTION==IN} -of_objects [get_nets -hierarchical -filter {PARENT=="flag_BUFG"}]]]
resize_pblock [get_pblocks CLKAG_flag_BUFG] -add {CLOCKREGION_X0Y0:CLOCKREGION_X0Y0 CLOCKREGION_X0Y1:CLOCKREGION_X0Y1 CLOCKREGION_X0Y2:CLOCKREGION_X0Y2 CLOCKREGION_X1Y0:CLOCKREGION_X1Y0 CLOCKREGION_X1Y1:CLOCKREGION_X1Y1 CLOCKREGION_X1Y2:CLOCKREGION_X1Y2}
#endgroup
