#-----------------------------------------------------------
# Vivado v2014.4 (64-bit)
# SW Build 1071353 on Tue Nov 18 18:29:27 MST 2014
# IP Build 1070531 on Tue Nov 18 01:10:18 MST 2014
# Start of session at: Fri Apr 20 18:04:22 2018
# Process ID: 3528
# Log file: C:/Users/Saurabh/Desktop/Hardware Lab Projects/project 6/project_3/vivado.log
# Journal file: C:/Users/Saurabh/Desktop/Hardware Lab Projects/project 6/project_3\vivado.jou
#-----------------------------------------------------------
start_gui
open_project {C:/Users/Saurabh/Desktop/Hardware Lab Projects/project 6/project_3/project_3.xpr}
INFO: [Project 1-313] Project file moved from 'C:/Users/Saurabh/Desktop/Group 2 HW Lab-20180412T061849Z-001/Group 2 HW Lab/project_3' since last save.
Scanning sources...
Finished scanning sources
INFO: [IP_Flow 19-234] Refreshing IP repositories
INFO: [IP_Flow 19-1704] No user IP repositories specified
INFO: [IP_Flow 19-2313] Loaded Vivado IP repository 'C:/Xilinx/Vivado/2014.4/data/ip'.
update_compile_order -fileset sources_1
exit
INFO: [Common 17-206] Exiting Vivado at Fri Apr 20 18:06:02 2018...
