#-----------------------------------------------------------
# Vivado v2014.4 (64-bit)
# SW Build 1071353 on Tue Nov 18 18:29:27 MST 2014
# IP Build 1070531 on Tue Nov 18 01:10:18 MST 2014
# Start of session at: Fri Mar 16 17:25:59 2018
# Process ID: 3020
# Log file: C:/Users/Samyak Jain/Desktop/project_1/vivado.log
# Journal file: C:/Users/Samyak Jain/Desktop/project_1\vivado.jou
#-----------------------------------------------------------
start_gui
open_project {C:/Users/Samyak Jain/Desktop/project_1/project_1.xpr}
Scanning sources...
Finished scanning sources
INFO: [IP_Flow 19-234] Refreshing IP repositories
INFO: [IP_Flow 19-1704] No user IP repositories specified
INFO: [IP_Flow 19-2313] Loaded Vivado IP repository 'C:/Xilinx/Vivado/2014.4/data/ip'.
open_project: Time (s): cpu = 00:00:19 ; elapsed = 00:00:08 . Memory (MB): peak = 781.250 ; gain = 198.527
update_compile_order -fileset sim_1
exit
INFO: [Common 17-206] Exiting Vivado at Fri Mar 16 17:48:09 2018...
