#-----------------------------------------------------------
# Vivado v2014.4 (64-bit)
# SW Build 1071353 on Tue Nov 18 18:29:27 MST 2014
# IP Build 1070531 on Tue Nov 18 01:10:18 MST 2014
# Start of session at: Fri Mar 16 19:54:33 2018
# Process ID: 12172
# Log file: C:/Users/Samyak Jain/Desktop/project_1/vivado.log
# Journal file: C:/Users/Samyak Jain/Desktop/project_1\vivado.jou
#-----------------------------------------------------------
start_gui
open_project {C:/Users/Samyak Jain/Desktop/project_1/project_1.xpr}
Scanning sources...
Finished scanning sources
INFO: [IP_Flow 19-234] Refreshing IP repositories
INFO: [IP_Flow 19-1704] No user IP repositories specified
INFO: [IP_Flow 19-2313] Loaded Vivado IP repository 'C:/Xilinx/Vivado/2014.4/data/ip'.
open_project: Time (s): cpu = 00:00:20 ; elapsed = 00:00:10 . Memory (MB): peak = 724.863 ; gain = 150.445
update_compile_order -fileset sim_1
reset_run synth_1
launch_runs synth_1
INFO: [HDL 9-1061] Parsing VHDL file "C:/Users/Samyak Jain/Desktop/project_1/project_1.srcs/sources_1/new/main.vhd" into library xil_defaultlib [C:/Users/Samyak Jain/Desktop/project_1/project_1.srcs/sources_1/new/main.vhd:1]
CRITICAL WARNING: [HDL 9-806] Syntax error near "00000000000000000000000000000000000000000000000000000000000000000000000000000000000". [C:/Users/Samyak Jain/Desktop/project_1/project_1.srcs/sources_1/new/main.vhd:45]
INFO: [HDL 9-1061] Parsing VHDL file "C:/Users/Samyak Jain/Desktop/project_1/project_1.srcs/sources_1/new/receive1.vhd" into library xil_defaultlib [C:/Users/Samyak Jain/Desktop/project_1/project_1.srcs/sources_1/new/receive1.vhd:1]
INFO: [HDL 9-1061] Parsing VHDL file "C:/Users/Samyak Jain/Desktop/project_1/project_1.srcs/sources_1/new/send.vhd" into library xil_defaultlib [C:/Users/Samyak Jain/Desktop/project_1/project_1.srcs/sources_1/new/send.vhd:1]
[Fri Mar 16 19:57:36 2018] Launched synth_1...
Run output will be captured here: C:/Users/Samyak Jain/Desktop/project_1/project_1.runs/synth_1/runme.log
reset_run synth_1
launch_runs synth_1
INFO: [HDL 9-1061] Parsing VHDL file "C:/Users/Samyak Jain/Desktop/project_1/project_1.srcs/sources_1/new/main.vhd" into library xil_defaultlib [C:/Users/Samyak Jain/Desktop/project_1/project_1.srcs/sources_1/new/main.vhd:1]
INFO: [HDL 9-1061] Parsing VHDL file "C:/Users/Samyak Jain/Desktop/project_1/project_1.srcs/sources_1/new/receive1.vhd" into library xil_defaultlib [C:/Users/Samyak Jain/Desktop/project_1/project_1.srcs/sources_1/new/receive1.vhd:1]
INFO: [HDL 9-1061] Parsing VHDL file "C:/Users/Samyak Jain/Desktop/project_1/project_1.srcs/sources_1/new/send.vhd" into library xil_defaultlib [C:/Users/Samyak Jain/Desktop/project_1/project_1.srcs/sources_1/new/send.vhd:1]
[Fri Mar 16 19:58:00 2018] Launched synth_1...
Run output will be captured here: C:/Users/Samyak Jain/Desktop/project_1/project_1.runs/synth_1/runme.log
reset_run synth_1
launch_runs impl_1 -to_step write_bitstream
[Fri Mar 16 19:59:52 2018] Launched synth_1...
Run output will be captured here: C:/Users/Samyak Jain/Desktop/project_1/project_1.runs/synth_1/runme.log
[Fri Mar 16 19:59:52 2018] Launched impl_1...
Run output will be captured here: C:/Users/Samyak Jain/Desktop/project_1/project_1.runs/impl_1/runme.log
open_hw
connect_hw_server -url localhost:3121
INFO: [Labtools 27-2285] Connecting to hw_server url TCP:localhost:3121
INFO: [Labtools 27-2222] Launching hw_server...
INFO: [Labtools 27-2221] Launch Output:

****** Xilinx hw_server v2014.4
  **** Build date : Nov 18 2014-18:09:44
    ** Copyright 1986-1999, 2001-2014 Xilinx, Inc. All Rights Reserved.

INFO: hw_server application started
INFO: Use Ctrl-C to exit hw_server application


****** Xilinx hw_server v2014.4
  **** Build date : Nov 18 2014-18:09:44
    ** Copyright 1986-1999, 2001-2014 Xilinx, Inc. All Rights Reserved.

INFO: hw_server application started
INFO: Use Ctrl-C to exit hw_server application


current_hw_target [get_hw_targets */xilinx_tcf/Digilent/210183624793A]
set_property PARAM.FREQUENCY 15000000 [get_hw_targets */xilinx_tcf/Digilent/210183624793A]
open_hw_target
INFO: [Labtoolstcl 44-466] Opening hw_target localhost:3121/xilinx_tcf/Digilent/210183624793A
set_property PROGRAM.FILE {F:\main.bit} [lindex [get_hw_devices] 0]
set_property PROBES.FILE {F:/debug_nets.ltx} [lindex [get_hw_devices] 0]
current_hw_device [lindex [get_hw_devices] 0]
refresh_hw_device -update_hw_probes false [lindex [get_hw_devices] 0]
INFO: [Labtools 27-1434] Device xc7a35t (JTAG device index = 0) is programmed with a design that has no supported debug core(s) in it.
WARNING: [Labtools 27-3123] The debug hub core was not detected at User Scan Chain 1 or 3.
Resolution: 
1. Make sure the clock connected to the debug hub (dbg_hub) core is a free running clock and is active OR
2. Manually launch hw_server with -e "set xsdb-user-bscan <C_USER_SCAN_CHAIN scan_chain_number>" to detect the debug hub at User Scan Chain of 2 or 4. To determine the user scan chain setting, open the implemented design and use: get_property C_USER_SCAN_CHAIN [get_debug_cores dbg_hub].
set_property PROBES.FILE {F:/debug_nets.ltx} [lindex [get_hw_devices] 0]
set_property PROGRAM.FILE {F:/main.bit} [lindex [get_hw_devices] 0]
program_hw_devices [lindex [get_hw_devices] 0]
INFO: [Labtools 27-32] Done pin status: HIGH
refresh_hw_device [lindex [get_hw_devices] 0]
INFO: [Labtools 27-1434] Device xc7a35t (JTAG device index = 0) is programmed with a design that has no supported debug core(s) in it.
WARNING: [Labtools 27-3123] The debug hub core was not detected at User Scan Chain 1 or 3.
Resolution: 
1. Make sure the clock connected to the debug hub (dbg_hub) core is a free running clock and is active OR
2. Manually launch hw_server with -e "set xsdb-user-bscan <C_USER_SCAN_CHAIN scan_chain_number>" to detect the debug hub at User Scan Chain of 2 or 4. To determine the user scan chain setting, open the implemented design and use: get_property C_USER_SCAN_CHAIN [get_debug_cores dbg_hub].
set_property PROBES.FILE {F:/debug_nets.ltx} [lindex [get_hw_devices] 0]
set_property PROGRAM.FILE {F:/main.bit} [lindex [get_hw_devices] 0]
program_hw_devices [lindex [get_hw_devices] 0]
INFO: [Labtools 27-32] Done pin status: HIGH
refresh_hw_device [lindex [get_hw_devices] 0]
INFO: [Labtools 27-1434] Device xc7a35t (JTAG device index = 0) is programmed with a design that has no supported debug core(s) in it.
WARNING: [Labtools 27-3123] The debug hub core was not detected at User Scan Chain 1 or 3.
Resolution: 
1. Make sure the clock connected to the debug hub (dbg_hub) core is a free running clock and is active OR
2. Manually launch hw_server with -e "set xsdb-user-bscan <C_USER_SCAN_CHAIN scan_chain_number>" to detect the debug hub at User Scan Chain of 2 or 4. To determine the user scan chain setting, open the implemented design and use: get_property C_USER_SCAN_CHAIN [get_debug_cores dbg_hub].
set_property PROBES.FILE {F:/debug_nets.ltx} [lindex [get_hw_devices] 0]
set_property PROGRAM.FILE {F:/main.bit} [lindex [get_hw_devices] 0]
program_hw_devices [lindex [get_hw_devices] 0]
INFO: [Labtools 27-32] Done pin status: HIGH
refresh_hw_device [lindex [get_hw_devices] 0]
INFO: [Labtools 27-1434] Device xc7a35t (JTAG device index = 0) is programmed with a design that has no supported debug core(s) in it.
WARNING: [Labtools 27-3123] The debug hub core was not detected at User Scan Chain 1 or 3.
Resolution: 
1. Make sure the clock connected to the debug hub (dbg_hub) core is a free running clock and is active OR
2. Manually launch hw_server with -e "set xsdb-user-bscan <C_USER_SCAN_CHAIN scan_chain_number>" to detect the debug hub at User Scan Chain of 2 or 4. To determine the user scan chain setting, open the implemented design and use: get_property C_USER_SCAN_CHAIN [get_debug_cores dbg_hub].
set_property PROBES.FILE {F:/debug_nets.ltx} [lindex [get_hw_devices] 0]
set_property PROGRAM.FILE {F:/main.bit} [lindex [get_hw_devices] 0]
program_hw_devices [lindex [get_hw_devices] 0]
INFO: [Labtools 27-32] Done pin status: HIGH
refresh_hw_device [lindex [get_hw_devices] 0]
INFO: [Labtools 27-1434] Device xc7a35t (JTAG device index = 0) is programmed with a design that has no supported debug core(s) in it.
WARNING: [Labtools 27-3123] The debug hub core was not detected at User Scan Chain 1 or 3.
Resolution: 
1. Make sure the clock connected to the debug hub (dbg_hub) core is a free running clock and is active OR
2. Manually launch hw_server with -e "set xsdb-user-bscan <C_USER_SCAN_CHAIN scan_chain_number>" to detect the debug hub at User Scan Chain of 2 or 4. To determine the user scan chain setting, open the implemented design and use: get_property C_USER_SCAN_CHAIN [get_debug_cores dbg_hub].
exit
INFO: [Common 17-206] Exiting Vivado at Fri Mar 16 21:34:23 2018...
